
SQL*Loader: Release 21.0.0.0.0 - Production on Sat Jun 17 16:16:38 2023
Version 21.3.0.0.0

Copyright (c) 1982, 2021, Oracle and/or its affiliates.  All rights reserved.

Control File:   Loader\naprawa\naprawa.ctl
Data File:      .\\Dane\\naprawa.csv
  File processing option string: "str '\r\n'"
  Bad File:     Loader\naprawa\naprawa.bad
  Discard File:  none specified
 
 (Allow all discards)

Number to load: ALL
Number to skip: 0
Errors allowed: 50
Bind array:     250 rows, maximum of 1048576 bytes
Continuation:    none specified
Path used:      Conventional

Table NAPRAWA, loaded from every logical record.
Insert option in effect for this table: REPLACE
TRAILING NULLCOLS option in effect

   Column Name                  Position   Len  Term Encl Datatype
------------------------------ ---------- ----- ---- ---- ---------------------
ID_NAPRAWA                          FIRST     *   ,  O(") CHARACTER            
                                                      O(")
ID_SAMOCHOD                          NEXT     *   ,  O(") CHARACTER            
                                                      O(")
ID_PRACOWNIKA                        NEXT     *   ,  O(") CHARACTER            
                                                      O(")
ID_CZESC                             NEXT     *   ,  O(") CHARACTER            
                                                      O(")
TYP_NAPRAWY                          NEXT    15   ,  O(") CHARACTER            
                                                      O(")
DATA_PRZYJECIA                       NEXT     *   ,  O(") DATE YYYY-MM-DD      
                                                      O(")
DATA_WYDANIA                         NEXT     *   ,  O(") DATE YYYY-MM-DD      
                                                      O(")
    NULL if DATA_WYDANIA = 0X4e554c4c(character 'NULL')
CENA                                 NEXT     *   ,  O(") CHARACTER            
                                                      O(")

SQL*Loader-926: OCI error while executing delete/truncate (due to REPLACE/TRUNCATE keyword) for table NAPRAWA
ORA-02292: integrity constraint (C##DB2.SYS_C0019351) violated - child record found

