
SQL*Loader: Release 21.0.0.0.0 - Production on Sat Jun 17 16:16:40 2023
Version 21.3.0.0.0

Copyright (c) 1982, 2021, Oracle and/or its affiliates.  All rights reserved.

Control File:   Loader\wynajem\wynajem.ctl
Data File:      .\\Dane\\wynajem.csv
  File processing option string: "str '\r\n'"
  Bad File:     Loader\wynajem\wynajem.bad
  Discard File:  none specified
 
 (Allow all discards)

Number to load: ALL
Number to skip: 0
Errors allowed: 50
Bind array:     250 rows, maximum of 1048576 bytes
Continuation:    none specified
Path used:      Conventional

Table WYNAJEM, loaded from every logical record.
Insert option in effect for this table: APPEND
TRAILING NULLCOLS option in effect

   Column Name                  Position   Len  Term Encl Datatype
------------------------------ ---------- ----- ---- ---- ---------------------
ID_WYNAJEM                          FIRST     *   ,  O(") CHARACTER            
                                                      O(")
ID_KLIENT                            NEXT     *   ,  O(") CHARACTER            
                                                      O(")
ID_SAMOCHOD                          NEXT     *   ,  O(") CHARACTER            
                                                      O(")
ID_PRACOWNIK                         NEXT     *   ,  O(") CHARACTER            
                                                      O(")
DATA_WYNAJMU                         NEXT     *   ,  O(") DATE RRRR-MM-DD      
                                                      O(")
DATA_ZWROTU                          NEXT     *   ,  O(") DATE RRRR-MM-DD      
                                                      O(")
CENA                                 NEXT     *   ,  O(") CHARACTER            
                                                      O(")

Record 1: Rejected - Error on table WYNAJEM.
ORA-00001: unique constraint (C##DB2.SYS_C0019317) violated

Record 2: Rejected - Error on table WYNAJEM.
ORA-00001: unique constraint (C##DB2.SYS_C0019317) violated

Record 3: Rejected - Error on table WYNAJEM.
ORA-00001: unique constraint (C##DB2.SYS_C0019317) violated

Record 4: Rejected - Error on table WYNAJEM.
ORA-00001: unique constraint (C##DB2.SYS_C0019317) violated

Record 5: Rejected - Error on table WYNAJEM.
ORA-00001: unique constraint (C##DB2.SYS_C0019317) violated

Record 6: Rejected - Error on table WYNAJEM.
ORA-00001: unique constraint (C##DB2.SYS_C0019317) violated

Record 7: Rejected - Error on table WYNAJEM.
ORA-00001: unique constraint (C##DB2.SYS_C0019317) violated

Record 8: Rejected - Error on table WYNAJEM.
ORA-00001: unique constraint (C##DB2.SYS_C0019317) violated

Record 9: Rejected - Error on table WYNAJEM.
ORA-00001: unique constraint (C##DB2.SYS_C0019317) violated

Record 10: Rejected - Error on table WYNAJEM.
ORA-00001: unique constraint (C##DB2.SYS_C0019317) violated

Record 11: Rejected - Error on table WYNAJEM.
ORA-00001: unique constraint (C##DB2.SYS_C0019317) violated

Record 12: Rejected - Error on table WYNAJEM.
ORA-00001: unique constraint (C##DB2.SYS_C0019317) violated

Record 13: Rejected - Error on table WYNAJEM.
ORA-00001: unique constraint (C##DB2.SYS_C0019317) violated

Record 14: Rejected - Error on table WYNAJEM.
ORA-00001: unique constraint (C##DB2.SYS_C0019317) violated

Record 15: Rejected - Error on table WYNAJEM.
ORA-00001: unique constraint (C##DB2.SYS_C0019317) violated

Record 16: Rejected - Error on table WYNAJEM.
ORA-00001: unique constraint (C##DB2.SYS_C0019317) violated

Record 17: Rejected - Error on table WYNAJEM.
ORA-00001: unique constraint (C##DB2.SYS_C0019317) violated

Record 18: Rejected - Error on table WYNAJEM.
ORA-00001: unique constraint (C##DB2.SYS_C0019317) violated

Record 19: Rejected - Error on table WYNAJEM.
ORA-00001: unique constraint (C##DB2.SYS_C0019317) violated

Record 20: Rejected - Error on table WYNAJEM.
ORA-00001: unique constraint (C##DB2.SYS_C0019317) violated

Record 21: Rejected - Error on table WYNAJEM.
ORA-00001: unique constraint (C##DB2.SYS_C0019317) violated

Record 22: Rejected - Error on table WYNAJEM.
ORA-00001: unique constraint (C##DB2.SYS_C0019317) violated

Record 23: Rejected - Error on table WYNAJEM.
ORA-00001: unique constraint (C##DB2.SYS_C0019317) violated

Record 24: Rejected - Error on table WYNAJEM.
ORA-00001: unique constraint (C##DB2.SYS_C0019317) violated

Record 25: Rejected - Error on table WYNAJEM.
ORA-00001: unique constraint (C##DB2.SYS_C0019317) violated

Record 26: Rejected - Error on table WYNAJEM.
ORA-00001: unique constraint (C##DB2.SYS_C0019317) violated

Record 27: Rejected - Error on table WYNAJEM.
ORA-00001: unique constraint (C##DB2.SYS_C0019317) violated

Record 28: Rejected - Error on table WYNAJEM.
ORA-00001: unique constraint (C##DB2.SYS_C0019317) violated

Record 29: Rejected - Error on table WYNAJEM.
ORA-00001: unique constraint (C##DB2.SYS_C0019317) violated

Record 30: Rejected - Error on table WYNAJEM.
ORA-00001: unique constraint (C##DB2.SYS_C0019317) violated

Record 31: Rejected - Error on table WYNAJEM.
ORA-00001: unique constraint (C##DB2.SYS_C0019317) violated

Record 32: Rejected - Error on table WYNAJEM.
ORA-00001: unique constraint (C##DB2.SYS_C0019317) violated

Record 33: Rejected - Error on table WYNAJEM.
ORA-00001: unique constraint (C##DB2.SYS_C0019317) violated

Record 34: Rejected - Error on table WYNAJEM.
ORA-00001: unique constraint (C##DB2.SYS_C0019317) violated

Record 35: Rejected - Error on table WYNAJEM.
ORA-00001: unique constraint (C##DB2.SYS_C0019317) violated

Record 36: Rejected - Error on table WYNAJEM.
ORA-00001: unique constraint (C##DB2.SYS_C0019317) violated

Record 37: Rejected - Error on table WYNAJEM.
ORA-00001: unique constraint (C##DB2.SYS_C0019317) violated

Record 38: Rejected - Error on table WYNAJEM.
ORA-00001: unique constraint (C##DB2.SYS_C0019317) violated

Record 39: Rejected - Error on table WYNAJEM.
ORA-00001: unique constraint (C##DB2.SYS_C0019317) violated

Record 40: Rejected - Error on table WYNAJEM.
ORA-00001: unique constraint (C##DB2.SYS_C0019317) violated

Record 41: Rejected - Error on table WYNAJEM.
ORA-00001: unique constraint (C##DB2.SYS_C0019317) violated

Record 42: Rejected - Error on table WYNAJEM.
ORA-00001: unique constraint (C##DB2.SYS_C0019317) violated

Record 43: Rejected - Error on table WYNAJEM.
ORA-00001: unique constraint (C##DB2.SYS_C0019317) violated

Record 44: Rejected - Error on table WYNAJEM.
ORA-00001: unique constraint (C##DB2.SYS_C0019317) violated

Record 45: Rejected - Error on table WYNAJEM.
ORA-00001: unique constraint (C##DB2.SYS_C0019317) violated

Record 46: Rejected - Error on table WYNAJEM.
ORA-00001: unique constraint (C##DB2.SYS_C0019317) violated

Record 47: Rejected - Error on table WYNAJEM.
ORA-00001: unique constraint (C##DB2.SYS_C0019317) violated

Record 48: Rejected - Error on table WYNAJEM.
ORA-00001: unique constraint (C##DB2.SYS_C0019317) violated

Record 49: Rejected - Error on table WYNAJEM.
ORA-00001: unique constraint (C##DB2.SYS_C0019317) violated

Record 50: Rejected - Error on table WYNAJEM.
ORA-00001: unique constraint (C##DB2.SYS_C0019317) violated

Record 51: Rejected - Error on table WYNAJEM.
ORA-00001: unique constraint (C##DB2.SYS_C0019317) violated


MAXIMUM ERROR COUNT EXCEEDED - Above statistics reflect partial run.

Table WYNAJEM:
  0 Rows successfully loaded.
  51 Rows not loaded due to data errors.
  0 Rows not loaded because all WHEN clauses were failed.
  0 Rows not loaded because all fields were null.


Space allocated for bind array:                 451500 bytes(250 rows)
Read   buffer bytes: 1048576

Total logical records skipped:          0
Total logical records read:           250
Total logical records rejected:        51
Total logical records discarded:        0

Run began on Sat Jun 17 16:16:40 2023
Run ended on Sat Jun 17 16:16:40 2023

Elapsed time was:     00:00:00.18
CPU time was:         00:00:00.12
