
SQL*Loader: Release 21.0.0.0.0 - Production on Sat May 27 00:05:45 2023
Version 21.3.0.0.0

Copyright (c) 1982, 2021, Oracle and/or its affiliates.  All rights reserved.

Control File:   Loader\czesci\czesci.ctl
Data File:      .\\Dane\\czesci.csv
  File processing option string: "str '\r\n'"
  Bad File:     Loader\czesci\czesci.bad
  Discard File:  none specified
 
 (Allow all discards)

Number to load: ALL
Number to skip: 0
Errors allowed: 50
Bind array:     250 rows, maximum of 1048576 bytes
Continuation:    none specified
Path used:      Conventional

Table CZESCI, loaded from every logical record.
Insert option in effect for this table: REPLACE
TRAILING NULLCOLS option in effect

   Column Name                  Position   Len  Term Encl Datatype
------------------------------ ---------- ----- ---- ---- ---------------------
ID_CZESC                            FIRST     *   ,  O(") CHARACTER            
                                                      O(")
NAZWA                                NEXT   100   ,  O(") CHARACTER            
                                                      O(")
NUMER                                NEXT    15   ,  O(") CHARACTER            
                                                      O(")
CENA                                 NEXT     *   ,  O(") CHARACTER            
                                                      O(")


Table CZESCI:
  500 Rows successfully loaded.
  0 Rows not loaded due to data errors.
  0 Rows not loaded because all WHEN clauses were failed.
  0 Rows not loaded because all fields were null.


Space allocated for bind array:                 159000 bytes(250 rows)
Read   buffer bytes: 1048576

Total logical records skipped:          0
Total logical records read:           500
Total logical records rejected:         0
Total logical records discarded:        0

Run began on Sat May 27 00:05:45 2023
Run ended on Sat May 27 00:05:46 2023

Elapsed time was:     00:00:00.20
CPU time was:         00:00:00.14
