
SQL*Loader: Release 21.0.0.0.0 - Production on Sat Jun 17 16:16:38 2023
Version 21.3.0.0.0

Copyright (c) 1982, 2021, Oracle and/or its affiliates.  All rights reserved.

Control File:   Loader\magazyn\magazyn.ctl
Data File:      .\\Dane\\magazyn.csv
  File processing option string: "str '\r\n'"
  Bad File:     Loader\magazyn\magazyn.bad
  Discard File:  none specified
 
 (Allow all discards)

Number to load: ALL
Number to skip: 0
Errors allowed: 50
Bind array:     250 rows, maximum of 1048576 bytes
Continuation:    none specified
Path used:      Conventional

Table MAGAZYN, loaded from every logical record.
Insert option in effect for this table: REPLACE
TRAILING NULLCOLS option in effect

   Column Name                  Position   Len  Term Encl Datatype
------------------------------ ---------- ----- ---- ---- ---------------------
ID_MAGAZYN                          FIRST     *   ,  O(") CHARACTER            
                                                      O(")
ID_SAMOCHOD                          NEXT     *   ,  O(") CHARACTER            
                                                      O(")
ID_SILNIK                            NEXT     *   ,  O(") CHARACTER            
                                                      O(")
ID_CZESC                             NEXT     *   ,  O(") CHARACTER            
                                                      O(")
ID_AKCESORIUM                        NEXT     *   ,  O(") CHARACTER            
                                                      O(")
ILOSC                                NEXT     *   ,  O(") CHARACTER            
                                                      O(")


Table MAGAZYN:
  1000 Rows successfully loaded.
  0 Rows not loaded due to data errors.
  0 Rows not loaded because all WHEN clauses were failed.
  0 Rows not loaded because all fields were null.


Space allocated for bind array:                 387000 bytes(250 rows)
Read   buffer bytes: 1048576

Total logical records skipped:          0
Total logical records read:          1000
Total logical records rejected:         0
Total logical records discarded:        0

Run began on Sat Jun 17 16:16:38 2023
Run ended on Sat Jun 17 16:16:38 2023

Elapsed time was:     00:00:00.20
CPU time was:         00:00:00.15
