
SQL*Loader: Release 21.0.0.0.0 - Production on Sat Jun 17 16:16:36 2023
Version 21.3.0.0.0

Copyright (c) 1982, 2021, Oracle and/or its affiliates.  All rights reserved.

Control File:   Loader\model\model.ctl
Data File:      .\\Dane\\model.csv
  File processing option string: "str '\r\n'"
  Bad File:     Loader\model\model.bad
  Discard File:  none specified
 
 (Allow all discards)

Number to load: ALL
Number to skip: 0
Errors allowed: 50
Bind array:     250 rows, maximum of 1048576 bytes
Continuation:    none specified
Path used:      Conventional

Table MODEL, loaded from every logical record.
Insert option in effect for this table: REPLACE
TRAILING NULLCOLS option in effect

   Column Name                  Position   Len  Term Encl Datatype
------------------------------ ---------- ----- ---- ---- ---------------------
ID_MODEL                            FIRST     *   ,  O(") CHARACTER            
                                                      O(")
NAZWA                                NEXT   100   ,  O(") CHARACTER            
                                                      O(")
GENERACJA                            NEXT     *   ,  O(") CHARACTER            
                                                      O(")
TYP_NADWOZIA                         NEXT    40   ,  O(") CHARACTER            
                                                      O(")
SEGMENT                              NEXT     1   ,  O(") CHARACTER            
                                                      O(")
LICZBA_DRZWI                         NEXT    20   ,  O(") CHARACTER            
                                                      O(")
SREDNIE_SPALANIE                     NEXT     *   ,  O(") CHARACTER            
                                                      O(")
WAGA                                 NEXT     *   ,  O(") CHARACTER            
                                                      O(")

SQL*Loader-926: OCI error while executing delete/truncate (due to REPLACE/TRUNCATE keyword) for table MODEL
ORA-02292: integrity constraint (C##DB2.SYS_C0019331) violated - child record found

