
SQL*Loader: Release 21.0.0.0.0 - Production on Sat May 27 00:05:48 2023
Version 21.3.0.0.0

Copyright (c) 1982, 2021, Oracle and/or its affiliates.  All rights reserved.

Control File:   Loader\naprawa\naprawa.ctl
Data File:      .\\Dane\\naprawa.csv
  File processing option string: "str '\r\n'"
  Bad File:     Loader\naprawa\naprawa.bad
  Discard File:  none specified
 
 (Allow all discards)

Number to load: ALL
Number to skip: 0
Errors allowed: 50
Bind array:     250 rows, maximum of 1048576 bytes
Continuation:    none specified
Path used:      Conventional

Table NAPRAWA, loaded from every logical record.
Insert option in effect for this table: REPLACE
TRAILING NULLCOLS option in effect

   Column Name                  Position   Len  Term Encl Datatype
------------------------------ ---------- ----- ---- ---- ---------------------
ID_NAPRAWA                          FIRST     *   ,  O(") CHARACTER            
                                                      O(")
ID_SAMOCHOD                          NEXT     *   ,  O(") CHARACTER            
                                                      O(")
ID_PRACOWNIKA                        NEXT     *   ,  O(") CHARACTER            
                                                      O(")
ID_CZESC                             NEXT     *   ,  O(") CHARACTER            
                                                      O(")
TYP_NAPRAWY                          NEXT    15   ,  O(") CHARACTER            
                                                      O(")
DATA_PRZYJECIA                       NEXT     *   ,  O(") DATE YYYY-MM-DD      
                                                      O(")
DATA_WYDANIA                         NEXT     *   ,  O(") DATE YYYY-MM-DD      
                                                      O(")
    NULL if DATA_WYDANIA = 0X4e554c4c(character 'NULL')
CENA                                 NEXT     *   ,  O(") CHARACTER            
                                                      O(")


Table NAPRAWA:
  1000 Rows successfully loaded.
  0 Rows not loaded due to data errors.
  0 Rows not loaded because all WHEN clauses were failed.
  0 Rows not loaded because all fields were null.


Space allocated for bind array:                 456000 bytes(250 rows)
Read   buffer bytes: 1048576

Total logical records skipped:          0
Total logical records read:          1000
Total logical records rejected:         0
Total logical records discarded:        0

Run began on Sat May 27 00:05:48 2023
Run ended on Sat May 27 00:05:48 2023

Elapsed time was:     00:00:00.21
CPU time was:         00:00:00.11
