
SQL*Loader: Release 21.0.0.0.0 - Production on Fri May 19 19:35:58 2023
Version 21.3.0.0.0

Copyright (c) 1982, 2021, Oracle and/or its affiliates.  All rights reserved.

Control File:   Loader\platnosc\platnosc.ctl
Data File:      .\\Dane\\platnosc.csv
  File processing option string: "str '\r\n'"
  Bad File:     Loader\platnosc\platnosc.bad
  Discard File:  none specified
 
 (Allow all discards)

Number to load: ALL
Number to skip: 0
Errors allowed: 50
Bind array:     250 rows, maximum of 1048576 bytes
Continuation:    none specified
Path used:      Conventional

Table PLATNOSC, loaded from every logical record.
Insert option in effect for this table: REPLACE
TRAILING NULLCOLS option in effect

   Column Name                  Position   Len  Term Encl Datatype
------------------------------ ---------- ----- ---- ---- ---------------------
ID_PLATNOSC                         FIRST     *   ,  O(") CHARACTER            
                                                      O(")
ID_SPRZEDAZ                          NEXT     *   ,  O(") CHARACTER            
                                                      O(")
RODZAJ_DOKUMENTU                     NEXT    10   ,  O(") CHARACTER            
                                                      O(")
FORMA_PLATNOSCI                      NEXT    10   ,  O(") CHARACTER            
                                                      O(")
DATA                                 NEXT     *   ,  O(") DATE YYYY-MM-DD      
                                                      O(")


Table PLATNOSC:
  1000 Rows successfully loaded.
  0 Rows not loaded due to data errors.
  0 Rows not loaded because all WHEN clauses were failed.
  0 Rows not loaded because all fields were null.


Space allocated for bind array:                 199500 bytes(250 rows)
Read   buffer bytes: 1048576

Total logical records skipped:          0
Total logical records read:          1000
Total logical records rejected:         0
Total logical records discarded:        0

Run began on Fri May 19 19:35:58 2023
Run ended on Fri May 19 19:35:58 2023

Elapsed time was:     00:00:00.22
CPU time was:         00:00:00.14
