
SQL*Loader: Release 21.0.0.0.0 - Production on Fri May 19 19:35:54 2023
Version 21.3.0.0.0

Copyright (c) 1982, 2021, Oracle and/or its affiliates.  All rights reserved.

Control File:   Loader\pracownicy\pracownicy.ctl
Data File:      .\\Dane\\pracownicy.csv
  File processing option string: "str '\r\n'"
  Bad File:     Loader\pracownicy\pracownicy.bad
  Discard File:  none specified
 
 (Allow all discards)

Number to load: ALL
Number to skip: 0
Errors allowed: 50
Bind array:     250 rows, maximum of 1048576 bytes
Continuation:    none specified
Path used:      Conventional

Table PRACOWNICY, loaded from every logical record.
Insert option in effect for this table: REPLACE
TRAILING NULLCOLS option in effect

   Column Name                  Position   Len  Term Encl Datatype
------------------------------ ---------- ----- ---- ---- ---------------------
ID_PRACOWNIK                        FIRST     *   ,  O(") CHARACTER            
                                                      O(")
ID_SALON                             NEXT     *   ,  O(") CHARACTER            
                                                      O(")
ID_ADRES                             NEXT     *   ,  O(") CHARACTER            
                                                      O(")
ID_STANOWISKO                        NEXT     *   ,  O(") CHARACTER            
                                                      O(")
IMIE                                 NEXT   100   ,  O(") CHARACTER            
                                                      O(")
NAZWISKO                             NEXT   100   ,  O(") CHARACTER            
                                                      O(")
EMAIL                                NEXT   100   ,  O(") CHARACTER            
                                                      O(")
TELEFON                              NEXT     *   ,  O(") CHARACTER            
                                                      O(")
PENSJA                               NEXT     *   ,  O(") CHARACTER            
                                                      O(")


Table PRACOWNICY:
  500 Rows successfully loaded.
  0 Rows not loaded due to data errors.
  0 Rows not loaded because all WHEN clauses were failed.
  0 Rows not loaded because all fields were null.


Space allocated for bind array:                 463500 bytes(250 rows)
Read   buffer bytes: 1048576

Total logical records skipped:          0
Total logical records read:           500
Total logical records rejected:         0
Total logical records discarded:        0

Run began on Fri May 19 19:35:54 2023
Run ended on Fri May 19 19:35:54 2023

Elapsed time was:     00:00:00.20
CPU time was:         00:00:00.13
