
SQL*Loader: Release 21.0.0.0.0 - Production on Fri May 19 19:35:57 2023
Version 21.3.0.0.0

Copyright (c) 1982, 2021, Oracle and/or its affiliates.  All rights reserved.

Control File:   Loader\sprzedaz\sprzedaz.ctl
Data File:      .\\Dane\\sprzedaz.csv
  File processing option string: "str '\r\n'"
  Bad File:     Loader\sprzedaz\sprzedaz.bad
  Discard File:  none specified
 
 (Allow all discards)

Number to load: ALL
Number to skip: 0
Errors allowed: 50
Bind array:     250 rows, maximum of 1048576 bytes
Continuation:    none specified
Path used:      Conventional

Table SPRZEDAZ, loaded from every logical record.
Insert option in effect for this table: REPLACE
TRAILING NULLCOLS option in effect

   Column Name                  Position   Len  Term Encl Datatype
------------------------------ ---------- ----- ---- ---- ---------------------
ID_SPRZEDAZ                         FIRST     *   ,  O(") CHARACTER            
                                                      O(")
ID_SAMOCHOD                          NEXT     *   ,  O(") CHARACTER            
                                                      O(")
ID_AKCESORIUM                        NEXT     *   ,  O(") CHARACTER            
                                                      O(")
ID_PRACOWNIK                         NEXT     *   ,  O(") CHARACTER            
                                                      O(")
ID_KLIENT                            NEXT     *   ,  O(") CHARACTER            
                                                      O(")
ID_CZESC                             NEXT     *   ,  O(") CHARACTER            
                                                      O(")
ID_WYNAJEM                           NEXT     *   ,  O(") CHARACTER            
                                                      O(")
ID_WERSJA                            NEXT     *   ,  O(") CHARACTER            
                                                      O(")
ID_NAPRAWA                           NEXT     *   ,  O(") CHARACTER            
                                                      O(")
DATA                                 NEXT     *   ,  O(") DATE YYYY-MM-DD      
                                                      O(")
KWOTA                                NEXT     *   ,  O(") CHARACTER            
                                                      O(")


Table SPRZEDAZ:
  10000 Rows successfully loaded.
  0 Rows not loaded due to data errors.
  0 Rows not loaded because all WHEN clauses were failed.
  0 Rows not loaded because all fields were null.


Space allocated for bind array:                 709500 bytes(250 rows)
Read   buffer bytes: 1048576

Total logical records skipped:          0
Total logical records read:         10000
Total logical records rejected:         0
Total logical records discarded:        0

Run began on Fri May 19 19:35:57 2023
Run ended on Fri May 19 19:35:58 2023

Elapsed time was:     00:00:00.41
CPU time was:         00:00:00.13
