
SQL*Loader: Release 21.0.0.0.0 - Production on Sat Jun 17 16:16:37 2023
Version 21.3.0.0.0

Copyright (c) 1982, 2021, Oracle and/or its affiliates.  All rights reserved.

Control File:   Loader\wersja_wyposazenia\wersja_wyposazenia.ctl
Data File:      .\\Dane\\wersja_wyposazenia.csv
  File processing option string: "str '\r\n'"
  Bad File:     Loader\wersja_wyposazenia\wersja_wyposazenia.bad
  Discard File:  none specified
 
 (Allow all discards)

Number to load: ALL
Number to skip: 0
Errors allowed: 50
Bind array:     250 rows, maximum of 1048576 bytes
Continuation:    none specified
Path used:      Conventional

Table WERSJA_WYPOSAZENIA, loaded from every logical record.
Insert option in effect for this table: REPLACE
TRAILING NULLCOLS option in effect

   Column Name                  Position   Len  Term Encl Datatype
------------------------------ ---------- ----- ---- ---- ---------------------
ID_WERSJA                           FIRST     *   ,  O(") CHARACTER            
                                                      O(")
NAZWA                                NEXT   100   ,  O(") CHARACTER            
                                                      O(")
POZIOM_WYPOSAZENIA                   NEXT     *   ,  O(") CHARACTER            
                                                      O(")
CENA                                 NEXT     *   ,  O(") CHARACTER            
                                                      O(")

SQL*Loader-926: OCI error while executing delete/truncate (due to REPLACE/TRUNCATE keyword) for table WERSJA_WYPOSAZENIA
ORA-02292: integrity constraint (C##DB2.SYS_C0019333) violated - child record found

