
SQL*Loader: Release 21.0.0.0.0 - Production on Fri May 19 19:35:56 2023
Version 21.3.0.0.0

Copyright (c) 1982, 2021, Oracle and/or its affiliates.  All rights reserved.

Control File:   Loader\wynajem\wynajem.ctl
Data File:      F:\Semestr IV\Bazy danych 2\Projekt\01 - baza\Dane\wynajem.csv
  File processing option string: "str '\r\n'"
  Bad File:     Loader\wynajem\wynajem.bad
  Discard File:  none specified
 
 (Allow all discards)

Number to load: ALL
Number to skip: 0
Errors allowed: 50
Bind array:     250 rows, maximum of 1048576 bytes
Continuation:    none specified
Path used:      Conventional

Table WYNAJEM, loaded from every logical record.
Insert option in effect for this table: APPEND
TRAILING NULLCOLS option in effect

   Column Name                  Position   Len  Term Encl Datatype
------------------------------ ---------- ----- ---- ---- ---------------------
ID_WYNAJEM                          FIRST     *   ,  O(") CHARACTER            
                                                      O(")
DATA_WYNAJMU                         NEXT     *   ,  O(") DATE RRRR-MM-DD      
                                                      O(")
DATA_ZWROTU                          NEXT     *   ,  O(") DATE RRRR-MM-DD      
                                                      O(")
CENA                                 NEXT     *   ,  O(") CHARACTER            
                                                      O(")


Table WYNAJEM:
  1000 Rows successfully loaded.
  0 Rows not loaded due to data errors.
  0 Rows not loaded because all WHEN clauses were failed.
  0 Rows not loaded because all fields were null.


Space allocated for bind array:                 258000 bytes(250 rows)
Read   buffer bytes: 1048576

Total logical records skipped:          0
Total logical records read:          1000
Total logical records rejected:         0
Total logical records discarded:        0

Run began on Fri May 19 19:35:56 2023
Run ended on Fri May 19 19:35:56 2023

Elapsed time was:     00:00:00.18
CPU time was:         00:00:00.14
