
SQL*Loader: Release 21.0.0.0.0 - Production on Sun May 21 20:51:05 2023
Version 21.3.0.0.0

Copyright (c) 1982, 2021, Oracle and/or its affiliates.  All rights reserved.

Control File:   Loader\Fakt_Sprzedaz\Fakt_Sprzedaz.ctl
Data File:      .\\Dane\\Fakt_Sprzedaz.csv
  File processing option string: "str '\r\n'"
  Bad File:     Loader\Fakt_Sprzedaz\Fakt_Sprzedaz.bad
  Discard File:  none specified
 
 (Allow all discards)

Number to load: ALL
Number to skip: 0
Errors allowed: 50
Bind array:     250 rows, maximum of 1048576 bytes
Continuation:    none specified
Path used:      Conventional

Table FAKT_SPRZEDAZ, loaded from every logical record.
Insert option in effect for this table: REPLACE
TRAILING NULLCOLS option in effect

   Column Name                  Position   Len  Term Encl Datatype
------------------------------ ---------- ----- ---- ---- ---------------------
ID_SPRZEDAZ                         FIRST     *   ,  O(") CHARACTER            
                                                      O(")
ID_SAMOCHOD                          NEXT     *   ,  O(") CHARACTER            
                                                      O(")
ID_MODEL                             NEXT     *   ,  O(") CHARACTER            
                                                      O(")
ID_KLIENT                            NEXT     *   ,  O(") CHARACTER            
                                                      O(")
ID_PRACOWNIK                         NEXT     *   ,  O(") CHARACTER            
                                                      O(")
ID_STANOWISKO                        NEXT     *   ,  O(") CHARACTER            
                                                      O(")
ID_SALONU                            NEXT     *   ,  O(") CHARACTER            
                                                      O(")
ID_AKCESORIUM                        NEXT     *   ,  O(") CHARACTER            
                                                      O(")
ID_NAPRAWA                           NEXT     *   ,  O(") CHARACTER            
                                                      O(")
ID_ADRES                             NEXT     *   ,  O(") CHARACTER            
                                                      O(")
DATASPRZEDAZY                        NEXT     *   ,  O(") DATE DD-MON-RR       
                                                      O(")
KWOTA                                NEXT     *   ,  O(") CHARACTER            
                                                      O(")

SQL*Loader-466: Column DATASPRZEDAZY does not exist in table FAKT_SPRZEDAZ.
