
SQL*Loader: Release 21.0.0.0.0 - Production on Sun May 21 20:51:04 2023
Version 21.3.0.0.0

Copyright (c) 1982, 2021, Oracle and/or its affiliates.  All rights reserved.

Control File:   Loader\Wymiar_Pracownik\Wymiar_Pracownicy.ctl
Data File:      .\\Dane\\Wymiar_Pracownicy.csv
  File processing option string: "str '\r\n'"
  Bad File:     Loader\Wymiar_Pracownik\Wymiar_Pracownicy.bad
  Discard File:  none specified
 
 (Allow all discards)

Number to load: ALL
Number to skip: 0
Errors allowed: 50
Bind array:     250 rows, maximum of 1048576 bytes
Continuation:    none specified
Path used:      Conventional

Table WYMIAR_PRACOWNIK, loaded from every logical record.
Insert option in effect for this table: REPLACE
TRAILING NULLCOLS option in effect

   Column Name                  Position   Len  Term Encl Datatype
------------------------------ ---------- ----- ---- ---- ---------------------
ID_PRACOWNIK                        FIRST     *   ,  O(") CHARACTER            
                                                      O(")
ID_STANOWISKO                        NEXT     *   ,  O(") CHARACTER            
                                                      O(")
ID_SALON                             NEXT     *   ,  O(") CHARACTER            
                                                      O(")
IMIE                                 NEXT   100   ,  O(") CHARACTER            
                                                      O(")
NAZWISKO                             NEXT   100   ,  O(") CHARACTER            
                                                      O(")


Table WYMIAR_PRACOWNIK:
  500 Rows successfully loaded.
  0 Rows not loaded due to data errors.
  0 Rows not loaded because all WHEN clauses were failed.
  0 Rows not loaded because all fields were null.


Space allocated for bind array:                 244500 bytes(250 rows)
Read   buffer bytes: 1048576

Total logical records skipped:          0
Total logical records read:           500
Total logical records rejected:         0
Total logical records discarded:        0

Run began on Sun May 21 20:51:04 2023
Run ended on Sun May 21 20:51:04 2023

Elapsed time was:     00:00:00.25
CPU time was:         00:00:00.14
